0 info it worked if it ends with ok
1 verbose cli [ 'node', '/usr/local/bin/npm', 'update', '-g', 'bower' ]
2 info using npm@1.4.28
3 info using node@v0.10.32
4 verbose request where is /bower
5 verbose request registry https://registry.npmjs.org/
6 verbose request id 81620b24090a6e84
7 verbose url raw /bower
8 verbose url resolving [ 'https://registry.npmjs.org/', './bower' ]
9 verbose url resolved https://registry.npmjs.org/bower
10 verbose request where is https://registry.npmjs.org/bower
11 info trying registry request attempt 1 at 13:47:28
12 verbose etag "AAO6T055NQ700CZJYO7KWWFW"
13 http GET https://registry.npmjs.org/bower
14 http 304 https://registry.npmjs.org/bower
15 silly registry.get cb [ 304,
15 silly registry.get   { date: 'Tue, 07 Jul 2015 19:47:28 GMT',
15 silly registry.get     via: '1.1 varnish',
15 silly registry.get     'cache-control': 'max-age=60',
15 silly registry.get     etag: '"AAO6T055NQ700CZJYO7KWWFW"',
15 silly registry.get     age: '23',
15 silly registry.get     connection: 'keep-alive',
15 silly registry.get     'x-served-by': 'cache-sjc3129-SJC',
15 silly registry.get     'x-cache': 'HIT',
15 silly registry.get     'x-cache-hits': '2',
15 silly registry.get     'x-timer': 'S1436298448.895315,VS0,VE0',
15 silly registry.get     vary: 'Accept' } ]
16 verbose etag https://registry.npmjs.org/bower from cache
17 verbose registry.get https://registry.npmjs.org/bower not expired, no request
18 info outdated updating [ [ '/usr/local/lib', 'bower', '1.3.12', '1.4.1', '1.4.1', 'latest' ],
18 info outdated   [ '/usr/local/lib/node_modules/steroids',
18 info outdated     'bower',
18 info outdated     '1.3.8',
18 info outdated     '1.3.8',
18 info outdated     '1.4.1',
18 info outdated     '1.3.8' ] ]
19 error Failed to parse json
19 error Unexpected end of input
20 error File: /usr/local/lib/node_modules/runt/node_modules/pistachio/package.json
21 error Failed to parse package.json data.
21 error package.json must be actual JSON, not just JavaScript.
21 error
21 error This is not a bug in npm.
21 error Tell the package author to fix their package.json file. JSON.parse
22 error System Darwin 14.3.0
23 error command "node" "/usr/local/bin/npm" "update" "-g" "bower"
24 error cwd /Users/amy-kate/AKCode/provoPads
25 error node -v v0.10.32
26 error npm -v 1.4.28
27 error file /usr/local/lib/node_modules/runt/node_modules/pistachio/package.json
28 error code EJSONPARSE
29 verbose exit [ 1, true ]
